Flutter crash report.
Please report a bug at https://github.com/flutter/flutter/issues.

## command

flutter debug_adapter

## exception

FileSystemException: FileSystemException: writeFrom failed, path = '' (OS Error: The pipe is being closed.
, errno = 232)

```
#0      _checkForErrorResponse (dart:io/common.dart:56:9)
#1      _RandomAccessFile.writeFrom.<anonymous closure> (dart:io/file_impl.dart:885:7)
#2      _rootRunUnary (dart:async/zone.dart:1422:47)
<asynchronous suspension>
#3      _FileStreamConsumer.addStream.<anonymous closure>.<anonymous closure>.<anonymous closure> (dart:io/file_impl.dart:218:21)
<asynchronous suspension>
```

## flutter doctor

```
[✓] Flutter (Channel stable, 3.27.1, on Microsoft Windows [Version 10.0.22631.4602], locale en-IN)
    • Flutter version 3.27.1 on channel stable at C:\Users\91885\Downloads\flutter_windows_3.27.1-stable\flutter
    • Upstream repository https://github.com/flutter/flutter.git
    • Framework revision 17025dd882 (4 weeks ago), 2024-12-17 03:23:09 +0900
    • Engine revision cb4b5fff73
    • Dart version 3.6.0
    • DevTools version 2.40.2

[✓] Windows Version (Installed version of Windows is version 10 or higher)

[✓] Android toolchain - develop for Android devices (Android SDK version 35.0.0)
    • Android SDK at C:\Users\91885\AppData\Local\Android\sdk
    • Platform android-35, build-tools 35.0.0
    • Java binary at: C:\Program Files\Android\Android Studio\jbr\bin\java
    • Java version OpenJDK Runtime Environment (build 21.0.3+-12282718-b509.11)
    • All Android licenses accepted.

[✓] Chrome - develop for the web
    • Chrome at C:\Program Files\Google\Chrome\Application\chrome.exe

[✓] Visual Studio - develop Windows apps (Visual Studio Build Tools 2019 16.11.42)
    • Visual Studio at C:\Program Files (x86)\Microsoft Visual Studio\2019\BuildTools
    • Visual Studio Build Tools 2019 version 16.11.35425.106
    • Windows 10 SDK version 10.0.19041.0

[✓] Android Studio (version 2024.2)
    • Android Studio at C:\Program Files\Android\Android Studio
    • Flutter plugin can be installed from:
      🔨 https://plugins.jetbrains.com/plugin/9212-flutter
    • Dart plugin can be installed from:
      🔨 https://plugins.jetbrains.com/plugin/6351-dart
    • Java version OpenJDK Runtime Environment (build 21.0.3+-12282718-b509.11)

[✓] VS Code (version 1.96.3)
    • VS Code at C:\Users\91885\AppData\Local\Programs\Microsoft VS Code
    • Flutter extension version 3.102.0

[✓] Connected device (4 available)
    • V2228 (mobile)    • 10BCCN1MQE0007C • android-arm64  • Android 14 (API 34)
    • Windows (desktop) • windows         • windows-x64    • Microsoft Windows [Version 10.0.22631.4602]
    • Chrome (web)      • chrome          • web-javascript • Google Chrome 131.0.6778.265
    • Edge (web)        • edge            • web-javascript • Microsoft Edge 132.0.2957.111

[✓] Network resources
    • All expected network resources are available.

• No issues found!
```
